TN:
SF:src/UniswapV2Factory.sol
FN:22,UniswapV2Factory.createPair
FNDA:20,UniswapV2Factory.createPair
DA:26,20
BRDA:26,0,0,1
BRDA:26,0,1,19
DA:28,19
DA:32,19
BRDA:32,1,0,2
BRDA:32,1,1,17
DA:34,17
BRDA:34,2,0,1
BRDA:34,2,1,16
DA:36,16
DA:37,16
DA:39,16
DA:42,16
DA:44,16
DA:45,16
DA:46,16
DA:48,16
FNF:1
FNH:1
LF:12
LH:12
BRF:6
BRH:6
end_of_record
TN:
SF:src/UniswapV2Library.sol
FN:13,UniswapV2Library.getReserves
FNDA:15,UniswapV2Library.getReserves
DA:18,25
DA:19,25
DA:22,25
FN:27,UniswapV2Library.quote
FNDA:9,UniswapV2Library.quote
DA:32,9
BRDA:32,0,0,-
BRDA:32,0,1,9
DA:33,9
BRDA:33,1,0,-
BRDA:33,1,1,9
DA:35,9
FN:38,UniswapV2Library.sortTokens
FNDA:78,UniswapV2Library.sortTokens
DA:43,78
FN:46,UniswapV2Library.pairFor
FNDA:49,UniswapV2Library.pairFor
DA:51,49
DA:52,49
FN:68,UniswapV2Library.getAmountOut
FNDA:4,UniswapV2Library.getAmountOut
DA:73,9
BRDA:73,2,0,1
BRDA:73,2,1,8
DA:74,8
BRDA:74,3,0,2
BRDA:74,3,1,6
DA:76,6
DA:77,6
DA:78,6
DA:80,6
FN:83,UniswapV2Library.getAmountsOut
FNDA:3,UniswapV2Library.getAmountsOut
DA:88,3
BRDA:88,4,0,1
BRDA:88,4,1,2
DA:89,2
DA:90,2
DA:92,2
DA:93,5
DA:98,5
DA:101,2
FN:104,UniswapV2Library.getAmountIn
FNDA:4,UniswapV2Library.getAmountIn
DA:109,9
BRDA:109,5,0,1
BRDA:109,5,1,8
DA:110,8
BRDA:110,6,0,2
BRDA:110,6,1,6
DA:112,6
DA:113,6
DA:115,6
FN:118,UniswapV2Library.getAmountsIn
FNDA:3,UniswapV2Library.getAmountsIn
DA:123,3
BRDA:123,7,0,1
BRDA:123,7,1,2
DA:124,2
DA:125,2
DA:127,2
DA:128,5
DA:133,5
DA:136,2
FNF:8
FNH:8
LF:34
LH:34
BRF:16
BRH:14
end_of_record
TN:
SF:src/UniswapV2Pair.sol
FN:68,UniswapV2Pair.initialize
FNDA:16,UniswapV2Pair.initialize
DA:69,16
BRDA:69,0,0,-
BRDA:69,0,1,16
DA:70,0
DA:72,16
DA:73,16
FN:76,UniswapV2Pair.mint
FNDA:48,UniswapV2Pair.mint
DA:77,48
DA:78,48
DA:79,48
DA:80,48
DA:81,48
DA:83,48
BRDA:83,1,0,41
BRDA:83,1,1,7
DA:84,41
DA:85,40
DA:87,7
DA:93,47
BRDA:93,2,0,1
BRDA:93,2,1,46
DA:95,46
DA:97,46
DA:99,46
FN:102,UniswapV2Pair.burn
FNDA:10,UniswapV2Pair.burn
DA:106,10
DA:107,10
DA:108,10
DA:110,10
DA:111,9
DA:113,9
BRDA:113,3,0,1
BRDA:113,3,1,8
DA:115,8
DA:117,8
DA:118,8
DA:120,8
DA:121,8
DA:123,8
DA:124,8
DA:126,8
FN:129,UniswapV2Pair.swap
FNDA:14,UniswapV2Pair.swap
DA:135,14
BRDA:135,4,0,1
BRDA:135,4,1,13
DA:136,1
DA:138,13
DA:140,13
BRDA:140,5,0,2
BRDA:140,5,1,11
DA:141,2
DA:143,11
BRDA:143,6,0,4
BRDA:143,6,1,11
DA:144,11
BRDA:144,7,0,8
BRDA:144,7,1,11
DA:145,11
BRDA:145,8,0,-
BRDA:145,8,1,1
DA:146,1
DA:153,11
DA:154,11
DA:156,11
DA:159,11
DA:163,11
BRDA:163,9,0,-
BRDA:163,9,1,11
DA:166,11
DA:167,11
DA:170,11
BRDA:169,10,0,2
BRDA:169,10,1,9
DA:172,2
DA:174,9
DA:176,9
FN:179,UniswapV2Pair.sync
FNDA:7,UniswapV2Pair.sync
DA:180,7
DA:181,7
FN:189,UniswapV2Pair.getReserves
FNDA:48,UniswapV2Pair.getReserves
DA:198,124
FN:208,UniswapV2Pair._update
FNDA:70,UniswapV2Pair._update
DA:214,70
BRDA:214,11,0,-
BRDA:214,11,1,70
DA:215,0
DA:218,70
DA:220,70
BRDA:220,12,0,7
BRDA:220,12,1,70
DA:221,7
DA:224,7
DA:230,70
DA:231,70
DA:232,70
DA:234,70
FN:237,UniswapV2Pair._safeTransfer
FNDA:28,UniswapV2Pair._safeTransfer
DA:242,28
DA:245,28
BRDA:245,13,0,-
BRDA:245,13,1,28
DA:246,0
FNF:8
FNH:8
LF:67
LH:64
BRF:28
BRH:23
end_of_record
TN:
SF:src/UniswapV2Router.sol
FN:21,UniswapV2Router.addLiquidity
FNDA:14,UniswapV2Router.addLiquidity
DA:37,14
BRDA:37,0,0,-
BRDA:37,0,1,10
DA:38,10
DA:41,14
DA:49,12
DA:54,12
DA:55,12
DA:56,12
FN:59,UniswapV2Router.removeLiquidity
FNDA:4,UniswapV2Router.removeLiquidity
DA:67,4
DA:72,4
DA:73,4
DA:74,4
BRDA:74,1,0,1
BRDA:74,1,1,3
DA:75,3
BRDA:75,2,0,1
BRDA:75,2,1,2
FN:78,UniswapV2Router.swapExactTokensForTokens
FNDA:1,UniswapV2Router.swapExactTokensForTokens
DA:84,1
DA:89,1
BRDA:89,3,0,-
BRDA:89,3,1,1
DA:90,0
DA:91,1
DA:97,1
FN:100,UniswapV2Router.swapTokensForExactTokens
FNDA:1,UniswapV2Router.swapTokensForExactTokens
DA:106,1
DA:111,1
BRDA:111,4,0,-
BRDA:111,4,1,1
DA:112,0
DA:113,1
DA:119,1
FN:129,UniswapV2Router._swap
FNDA:2,UniswapV2Router._swap
DA:134,2
DA:135,4
DA:136,4
DA:137,4
DA:138,4
DA:141,4
DA:148,4
FN:154,UniswapV2Router._calculateLiquidity
FNDA:14,UniswapV2Router._calculateLiquidity
DA:162,14
DA:168,14
BRDA:168,5,0,10
BRDA:168,5,1,4
DA:169,10
DA:171,4
DA:176,4
BRDA:176,6,0,1
BRDA:176,6,1,1
DA:177,2
BRDA:177,7,0,1
BRDA:177,7,1,1
DA:178,1
DA:180,2
DA:185,2
BRDA:185,8,0,-
BRDA:185,8,1,2
DA:187,2
BRDA:187,9,0,1
BRDA:187,9,1,1
DA:188,1
FN:193,UniswapV2Router._safeTransferFrom
FNDA:26,UniswapV2Router._safeTransferFrom
DA:199,26
DA:207,26
BRDA:207,10,0,-
BRDA:207,10,1,26
DA:208,0
FNF:7
FNH:7
LF:43
LH:40
BRF:22
BRH:17
end_of_record
TN:
SF:src/libraries/Math.sol
FN:5,Math.min
FNDA:7,Math.min
DA:6,7
FN:10,Math.sqrt
FNDA:41,Math.sqrt
DA:11,41
BRDA:11,0,0,2554
BRDA:11,0,1,40
DA:12,40
DA:13,40
DA:14,2594
DA:15,2554
DA:16,2554
DA:18,1
BRDA:18,1,0,-
BRDA:18,1,1,1
DA:19,0
FNF:2
FNH:2
LF:9
LH:8
BRF:4
BRH:3
end_of_record
TN:
SF:src/libraries/UQ112x112.sol
FN:7,UQ112x112.encode
FNDA:0,UQ112x112.encode
DA:8,0
FN:11,UQ112x112.uqdiv
FNDA:0,UQ112x112.uqdiv
DA:12,0
FNF:2
FNH:0
LF:2
LH:0
BRF:0
BRH:0
end_of_record
TN:
SF:test/UniswapV2Pair.t.sol
FN:500,TestUser.provideLiquidity
FNDA:1,TestUser.provideLiquidity
DA:507,1
DA:508,1
DA:510,1
FN:513,TestUser.removeLiquidity
FNDA:1,TestUser.removeLiquidity
DA:514,1
DA:515,1
DA:516,1
FN:525,Flashloaner.flashloan
FNDA:1,Flashloaner.flashloan
DA:531,1
BRDA:531,0,0,-
BRDA:531,0,1,1
DA:532,0
DA:534,1
BRDA:534,1,0,1
BRDA:534,1,1,1
DA:535,1
DA:538,1
FN:546,Flashloaner.zuniswapV2Call
FNDA:1,Flashloaner.zuniswapV2Call
DA:552,1
DA:553,1
DA:555,1
BRDA:555,2,0,-
BRDA:555,2,1,1
DA:557,1
FNF:4
FNH:4
LF:15
LH:14
BRF:6
BRH:4
end_of_record
TN:
SF:test/mocks/ERC20Mintable.sol
FN:11,ERC20Mintable.mint
FNDA:0,ERC20Mintable.mint
DA:12,0
FNF:1
FNH:0
LF:1
LH:0
BRF:0
BRH:0
end_of_record
